<?xml version="1.0" encoding="UTF-8"?>
<!-- Generated by org.testng.reporters.JUnitReportReporter -->
<testsuite hostname="DESKTOP-8JDKGAS" failures="0" tests="1" name="Selenium.Project" time="1.748" errors="0" timestamp="2024-04-12T11:28:15 IST" skipped="0">
  <testcase classname="Selenium.Project" name="loginTest" time="1.748"/>
  <system-out/>
</testsuite> <!-- Selenium.Project -->
